{"C:\\Users\\Jannik.Richter\\Documents\\yo\\nojquery\\src\\index.js":{"path":"C:\\Users\\Jannik.Richter\\Documents\\yo\\nojquery\\src\\index.js","s":{"1":1,"2":1,"3":1,"4":1},"b":{},"f":{"1":1},"fnMap":{"1":{"name":"add","line":7,"loc":{"start":{"line":1,"column":-8},"end":{"line":1,"column":11}}}},"statementMap":{"1":{"start":{"line":0,"column":0},"end":{"line":0,"column":0},"skip":true},"2":{"start":{"line":0,"column":0},"end":{"line":0,"column":0},"skip":true},"3":{"start":{"line":1,"column":-8},"end":{"line":3,"column":1}},"4":{"start":{"line":2,"column":2},"end":{"line":2,"column":2}}},"branchMap":{}}}